<?xml version="1.0" encoding="UTF-8"?>
<!-- Generated by org.testng.reporters.JUnitReportReporter -->
<testsuite hostname="DESKTOP-NP0C5JN" name="com.dollardays.tests.RegistrationTest" tests="2" failures="0" timestamp="20 Jul 2020 00:14:02 GMT" time="44.169" errors="0">
  <testcase name="CreateAccount" time="24.969" classname="com.dollardays.tests.RegistrationTest"/>
  <testcase name="CreateAccount" time="19.200" classname="com.dollardays.tests.RegistrationTest"/>
</testsuite> <!-- com.dollardays.tests.RegistrationTest -->
