<?xml version="1.0" encoding="UTF-8"?>
<!-- Generated by org.testng.reporters.JUnitReportReporter -->
<testsuite hostname="DESKTOP-NP0C5JN" name="com.dollardays.tests.signInTest" tests="2" failures="0" timestamp="19 Jul 2020 06:15:34 GMT" time="32.576" errors="0">
  <testcase name="signIn" time="16.875" classname="com.dollardays.tests.signInTest"/>
  <testcase name="verfiySignInName" time="15.701" classname="com.dollardays.tests.signInTest"/>
</testsuite> <!-- com.dollardays.tests.signInTest -->
